INFO:root:[2023-04-02T11:39:57.407565] Log started. Log file: data_augmentation_anvisa_produto.log
INFO:root:[2023-04-02T11:39:57.438816] Data loaded.
INFO:root:[2023-04-02T11:39:57.438816] Target file created.
INFO:root:[2023-04-02T11:39:57.438816] Initialized variables.
INFO:root:[2023-04-02T11:39:57.438816] Process started.
INFO:root:[2023-04-02T11:49:18.310821] 100 rows processed.
INFO:root:[2023-04-02T11:58:41.417200] 200 rows processed.
INFO:root:[2023-04-02T12:08:05.339632] 300 rows processed.
INFO:root:[2023-04-02T12:17:26.669233] 400 rows processed.
INFO:root:[2023-04-02T12:26:55.734629] 500 rows processed.
INFO:root:[2023-04-02T12:36:08.087476] Log started. Log file: data_augmentation_anvisa_produto.log
INFO:root:[2023-04-02T12:36:08.103131] Data loaded.
INFO:root:[2023-04-02T12:36:08.103131] Target file created.
INFO:root:[2023-04-02T12:36:08.103131] Initialized variables.
INFO:root:[2023-04-02T12:36:08.103131] Process started.
INFO:root:[2023-04-02T12:37:31.838692] Log started. Log file: data_augmentation_anvisa_produto.log
INFO:root:[2023-04-02T12:37:31.869914] Data loaded.
INFO:root:[2023-04-02T12:37:31.869914] Target file created.
INFO:root:[2023-04-02T12:37:31.869914] Initialized variables.
INFO:root:[2023-04-02T12:37:31.869914] Process started.
